














Sun Jun 12 12:40:54 CEST 2022 started the wallapper script 


Sun Jun 12 12:40:54 CEST 2022 started the audio server 


Sun Jun 12 12:40:54 CEST 2022 started the browser 


Sun Jun 12 12:40:54 CEST 2022 started the dwm_bar script 


[W][00853.882922] mod.rt       | [     module-rt.c:  259 translate_error()] RTKit error: org.freedesktop.DBus.Error.Failed
[W][00853.882940] mod.rt       | [     module-rt.c:  578 set_nice()] could not set nice-level to -11: I/O error
[W][00853.884341] mod.protocol-pulse | [        server.c:  572 start_unix_server()] server 0x559046855ae0: socket '/run/user/1000/pulse/native' is in use
[W][00853.884362] mod.protocol-pulse | [        server.c:  998 servers_create_and_start()] pulse-server 0x5590468557e0: failed to start server on 'unix:/run/user/1000/pulse/native': Address in use
[E][00853.884373] mod.protocol-pulse | [  pulse-server.c: 5520 pw_protocol_pulse_new()] 0x5590468557e0: no servers could be started: Address in use
[E][00853.884383] pw.conf      | [          conf.c:  560 load_module()] 0x7ff5377469a0: could not load mandatory module "libpipewire-module-protocol-pulse": Address in use
[E][00853.884869] default      | [      pipewire.c:  125 main()] failed to create context: Address in use
[W][00853.885161] mod.rt       | [     module-rt.c:  259 translate_error()] RTKit error: org.freedesktop.DBus.Error.Failed
[W][00853.885174] mod.rt       | [     module-rt.c:  578 set_nice()] could not set nice-level to -11: I/O error
[E][00853.885740] mod.protocol-native | [module-protocol-:  724 lock_socket()] server 0x56478d09b720: unable to lock lockfile '/run/user/1000/pipewire-0.lock': Resource temporarily unavailable (maybe another daemon is running)
[E][00853.885761] pw.conf      | [          conf.c:  560 load_module()] 0x7f5894b00980: could not load mandatory module "libpipewire-module-protocol-native": Resource temporarily unavailable
[E][00853.886173] default      | [      pipewire.c:  125 main()] failed to create context: Resource temporarily unavailable
Sun Jun 12 12:40:54 CEST 2022 started the kitty terminal window 


󰕾 0%  
󰖙 100  
󱑃 Sun 12-06-22 12:40:54  
󰌢 1.01 0.85 0.54  
[163 12:40:54.469118] Ignoring unknown config key: open_url_modifiers
[163 12:40:54.469576] Ignoring unknown config key: rectangle_select_modifiers
[163 12:40:54.469700] Ignoring unknown config key: terminal_select_modifiers
RANDR Query Version returned error -1
xsetroot:  unable to open display ':1'
RANDR Query Version returned error -1
xsetroot:  unable to open display ':1'



Sun Jun 12 13:24:42 CEST 2022 started the wallapper script 





Sun Jun 12 13:24:42 CEST 2022 started the kitty terminal window 





bash: /home/twfl/Scripts/bar/dwm_bar.sh: No such file or directory
Sun Jun 12 13:24:42 CEST 2022 started the dwm_bar script 





Sun Jun 12 13:24:42 CEST 2022 started the audio server 





Sun Jun 12 13:24:42 CEST 2022 started the browser 


[W][00042.613345] mod.rt       | [     module-rt.c:  259 translate_error()] RTKit error: org.freedesktop.DBus.Error.Failed
[W][00042.613399] mod.rt       | [     module-rt.c:  578 set_nice()] could not set nice-level to -11: I/O error
[W][00042.618641] mod.rt       | [     module-rt.c:  259 translate_error()] RTKit error: org.freedesktop.DBus.Error.Failed
[W][00042.618687] mod.rt       | [     module-rt.c:  578 set_nice()] could not set nice-level to -11: I/O error
[W][00044.894538] mod.rt       | [     module-rt.c:  259 translate_error()] RTKit error: org.freedesktop.DBus.Error.Failed
[W][00044.894551] mod.rt       | [     module-rt.c:  800 impl_acquire_rt()] could not make thread 1275 realtime using RTKit: I/O error
[W][00047.937588] mod.rt       | [     module-rt.c:  259 translate_error()] RTKit error: org.freedesktop.DBus.Error.Failed
[W][00047.937604] mod.rt       | [     module-rt.c:  800 impl_acquire_rt()] could not make thread 1278 realtime using RTKit: I/O error
[163 13:24:48.465465] Ignoring unknown config key: open_url_modifiers
[163 13:24:48.465743] Ignoring unknown config key: rectangle_select_modifiers
[163 13:24:48.465799] Ignoring unknown config key: terminal_select_modifiers
536870912
[W][00048.113338] mod.rt       | [     module-rt.c:  259 translate_error()] RTKit error: org.freedesktop.DBus.Error.Failed
[W][00048.113353] mod.rt       | [     module-rt.c:  800 impl_acquire_rt()] could not make thread 1279 realtime using RTKit: I/O error
